
*** Running vivado
    with args -log AdderNBits.vds -m64 -product Vivado -mode batch -messageDb vivado.pb -notrace -source AdderNBits.tcl


****** Vivado v2019.2 (64-bit)
  **** SW Build 2708876 on Wed Nov  6 21:40:23 MST 2019
  **** IP Build 2700528 on Thu Nov  7 00:09:20 MST 2019
    ** Copyright 1986-2019 Xilinx, Inc. All Rights Reserved.

source AdderNBits.tcl -notrace
Command: synth_design -top AdderNBits -part xc7s75fgga676-1IL
Starting synth_design
Attempting to get a license for feature 'Synthesis' and/or device 'xc7s75'
INFO: [Common 17-349] Got license for feature 'Synthesis' and/or device 'xc7s75'
INFO: Launching helper process for spawning children vivado processes
INFO: Helper process launched with PID 5872 
---------------------------------------------------------------------------------
Starting Synthesize : Time (s): cpu = 00:00:04 ; elapsed = 00:00:05 . Memory (MB): peak = 573.672 ; gain = 243.961
---------------------------------------------------------------------------------
INFO: [Synth 8-638] synthesizing module 'AdderNBits' [C:/Users/cerva/Escritorio/F.Prog/Arquitectura de PC/AdderNBits/AdderNBits.srcs/sources_1/new/AdderNBits.vhd:43]
	Parameter nbits bound to: 8 - type: integer 
INFO: [Synth 8-3491] module 'FullAdder' declared at 'C:/Users/cerva/Escritorio/F.Prog/Arquitectura de PC/AdderNBits/AdderNBits.srcs/sources_1/new/FullAdder.vhd:34' bound to instance 'FA' of component 'FullAdder' [C:/Users/cerva/Escritorio/F.Prog/Arquitectura de PC/AdderNBits/AdderNBits.srcs/sources_1/new/AdderNBits.vhd:59]
INFO: [Synth 8-638] synthesizing module 'FullAdder' [C:/Users/cerva/Escritorio/F.Prog/Arquitectura de PC/AdderNBits/AdderNBits.srcs/sources_1/new/FullAdder.vhd:42]
INFO: [Synth 8-256] done synthesizing module 'FullAdder' (1#1) [C:/Users/cerva/Escritorio/F.Prog/Arquitectura de PC/AdderNBits/AdderNBits.srcs/sources_1/new/FullAdder.vhd:42]
INFO: [Synth 8-3491] module 'FullAdder' declared at 'C:/Users/cerva/Escritorio/F.Prog/Arquitectura de PC/AdderNBits/AdderNBits.srcs/sources_1/new/FullAdder.vhd:34' bound to instance 'FA' of component 'FullAdder' [C:/Users/cerva/Escritorio/F.Prog/Arquitectura de PC/AdderNBits/AdderNBits.srcs/sources_1/new/AdderNBits.vhd:59]
INFO: [Synth 8-3491] module 'FullAdder' declared at 'C:/Users/cerva/Escritorio/F.Prog/Arquitectura de PC/AdderNBits/AdderNBits.srcs/sources_1/new/FullAdder.vhd:34' bound to instance 'FA' of component 'FullAdder' [C:/Users/cerva/Escritorio/F.Prog/Arquitectura de PC/AdderNBits/AdderNBits.srcs/sources_1/new/AdderNBits.vhd:59]
INFO: [Synth 8-3491] module 'FullAdder' declared at 'C:/Users/cerva/Escritorio/F.Prog/Arquitectura de PC/AdderNBits/AdderNBits.srcs/sources_1/new/FullAdder.vhd:34' bound to instance 'FA' of component 'FullAdder' [C:/Users/cerva/Escritorio/F.Prog/Arquitectura de PC/AdderNBits/AdderNBits.srcs/sources_1/new/AdderNBits.vhd:59]
INFO: [Synth 8-3491] module 'FullAdder' declared at 'C:/Users/cerva/Escritorio/F.Prog/Arquitectura de PC/AdderNBits/AdderNBits.srcs/sources_1/new/FullAdder.vhd:34' bound to instance 'FA' of component 'FullAdder' [C:/Users/cerva/Escritorio/F.Prog/Arquitectura de PC/AdderNBits/AdderNBits.srcs/sources_1/new/AdderNBits.vhd:59]
INFO: [Synth 8-3491] module 'FullAdder' declared at 'C:/Users/cerva/Escritorio/F.Prog/Arquitectura de PC/AdderNBits/AdderNBits.srcs/sources_1/new/FullAdder.vhd:34' bound to instance 'FA' of component 'FullAdder' [C:/Users/cerva/Escritorio/F.Prog/Arquitectura de PC/AdderNBits/AdderNBits.srcs/sources_1/new/AdderNBits.vhd:59]
INFO: [Synth 8-3491] module 'FullAdder' declared at 'C:/Users/cerva/Escritorio/F.Prog/Arquitectura de PC/AdderNBits/AdderNBits.srcs/sources_1/new/FullAdder.vhd:34' bound to instance 'FA' of component 'FullAdder' [C:/Users/cerva/Escritorio/F.Prog/Arquitectura de PC/AdderNBits/AdderNBits.srcs/sources_1/new/AdderNBits.vhd:59]
INFO: [Synth 8-3491] module 'FullAdder' declared at 'C:/Users/cerva/Escritorio/F.Prog/Arquitectura de PC/AdderNBits/AdderNBits.srcs/sources_1/new/FullAdder.vhd:34' bound to instance 'FA' of component 'FullAdder' [C:/Users/cerva/Escritorio/F.Prog/Arquitectura de PC/AdderNBits/AdderNBits.srcs/sources_1/new/AdderNBits.vhd:59]
INFO: [Synth 8-256] done synthesizing module 'AdderNBits' (2#1) [C:/Users/cerva/Escritorio/F.Prog/Arquitectura de PC/AdderNBits/AdderNBits.srcs/sources_1/new/AdderNBits.vhd:43]
---------------------------------------------------------------------------------
Finished Synthesize : Time (s): cpu = 00:00:05 ; elapsed = 00:00:06 . Memory (MB): peak = 646.340 ; gain = 316.629
---------------------------------------------------------------------------------
---------------------------------------------------------------------------------
Finished Constraint Validation : Time (s): cpu = 00:00:06 ; elapsed = 00:00:07 . Memory (MB): peak = 646.340 ; gain = 316.629
---------------------------------------------------------------------------------
---------------------------------------------------------------------------------
Start Loading Part and Timing Information
---------------------------------------------------------------------------------
Loading part: xc7s75fgga676-1IL
---------------------------------------------------------------------------------
INFO: [Device 21-403] Loading part xc7s75fgga676-1IL
Finished Loading Part and Timing Information : Time (s): cpu = 00:00:06 ; elapsed = 00:00:07 . Memory (MB): peak = 646.340 ; gain = 316.629
---------------------------------------------------------------------------------
---------------------------------------------------------------------------------
Finished RTL Optimization Phase 2 : Time (s): cpu = 00:00:06 ; elapsed = 00:00:07 . Memory (MB): peak = 646.340 ; gain = 316.629
---------------------------------------------------------------------------------

Report RTL Partitions: 
+-+--------------+------------+----------+
| |RTL Partition |Replication |Instances |
+-+--------------+------------+----------+
+-+--------------+------------+----------+
No constraint files found.
---------------------------------------------------------------------------------
Start RTL Component Statistics 
---------------------------------------------------------------------------------
Detailed RTL Component Info : 
+---XORs : 
	   2 Input      1 Bit         XORs := 16    
---------------------------------------------------------------------------------
Finished RTL Component Statistics 
---------------------------------------------------------------------------------
---------------------------------------------------------------------------------
Start RTL Hierarchical Component Statistics 
---------------------------------------------------------------------------------
Hierarchical RTL Component report 
Module FullAdder 
Detailed RTL Component Info : 
+---XORs : 
	   2 Input      1 Bit         XORs := 2     
---------------------------------------------------------------------------------
Finished RTL Hierarchical Component Statistics
---------------------------------------------------------------------------------
---------------------------------------------------------------------------------
Start Part Resource Summary
---------------------------------------------------------------------------------
Part Resources:
DSPs: 140 (col length:80)
BRAMs: 180 (col length: RAMB18 80 RAMB36 40)
---------------------------------------------------------------------------------
Finished Part Resource Summary
---------------------------------------------------------------------------------
No constraint files found.
---------------------------------------------------------------------------------
Start Cross Boundary and Area Optimization
---------------------------------------------------------------------------------
Warning: Parallel synthesis criteria is not met 
---------------------------------------------------------------------------------
Finished Cross Boundary and Area Optimization : Time (s): cpu = 00:00:10 ; elapsed = 00:00:11 . Memory (MB): peak = 789.980 ; gain = 460.270
---------------------------------------------------------------------------------

Report RTL Partitions: 
+-+--------------+------------+----------+
| |RTL Partition |Replication |Instances |
+-+--------------+------------+----------+
+-+--------------+------------+----------+
No constraint files found.
---------------------------------------------------------------------------------
Start Timing Optimization
---------------------------------------------------------------------------------
---------------------------------------------------------------------------------
Finished Timing Optimization : Time (s): cpu = 00:00:10 ; elapsed = 00:00:11 . Memory (MB): peak = 790.922 ; gain = 461.211
---------------------------------------------------------------------------------

Report RTL Partitions: 
+-+--------------+------------+----------+
| |RTL Partition |Replication |Instances |
+-+--------------+------------+----------+
+-+--------------+------------+----------+
---------------------------------------------------------------------------------
Start Technology Mapping
---------------------------------------------------------------------------------
---------------------------------------------------------------------------------
Finished Technology Mapping : Time (s): cpu = 00:00:10 ; elapsed = 00:00:11 . Memory (MB): peak = 790.922 ; gain = 461.211
---------------------------------------------------------------------------------

Report RTL Partitions: 
+-+--------------+------------+----------+
| |RTL Partition |Replication |Instances |
+-+--------------+------------+----------+
+-+--------------+------------+----------+
---------------------------------------------------------------------------------
Start IO Insertion
---------------------------------------------------------------------------------
---------------------------------------------------------------------------------
Start Flattening Before IO Insertion
---------------------------------------------------------------------------------
---------------------------------------------------------------------------------
Finished Flattening Before IO Insertion
---------------------------------------------------------------------------------
---------------------------------------------------------------------------------
Start Final Netlist Cleanup
---------------------------------------------------------------------------------
---------------------------------------------------------------------------------
Finished Final Netlist Cleanup
---------------------------------------------------------------------------------
---------------------------------------------------------------------------------
Finished IO Insertion : Time (s): cpu = 00:00:14 ; elapsed = 00:00:15 . Memory (MB): peak = 791.891 ; gain = 462.180
---------------------------------------------------------------------------------
---------------------------------------------------------------------------------
Start Renaming Generated Instances
---------------------------------------------------------------------------------
---------------------------------------------------------------------------------
Finished Renaming Generated Instances : Time (s): cpu = 00:00:14 ; elapsed = 00:00:15 . Memory (MB): peak = 791.891 ; gain = 462.180
---------------------------------------------------------------------------------

Report RTL Partitions: 
+-+--------------+------------+----------+
| |RTL Partition |Replication |Instances |
+-+--------------+------------+----------+
+-+--------------+------------+----------+

Report Check Netlist: 
+------+------------------+-------+---------+-------+------------------+
|      |Item              |Errors |Warnings |Status |Description       |
+------+------------------+-------+---------+-------+------------------+
|1     |multi_driven_nets |      0|        0|Passed |Multi driven nets |
+------+------------------+-------+---------+-------+------------------+
---------------------------------------------------------------------------------
Start Rebuilding User Hierarchy
---------------------------------------------------------------------------------
---------------------------------------------------------------------------------
Finished Rebuilding User Hierarchy : Time (s): cpu = 00:00:14 ; elapsed = 00:00:15 . Memory (MB): peak = 791.891 ; gain = 462.180
---------------------------------------------------------------------------------
---------------------------------------------------------------------------------
Start Renaming Generated Ports
---------------------------------------------------------------------------------
---------------------------------------------------------------------------------
Finished Renaming Generated Ports : Time (s): cpu = 00:00:14 ; elapsed = 00:00:15 . Memory (MB): peak = 791.891 ; gain = 462.180
---------------------------------------------------------------------------------
---------------------------------------------------------------------------------
Start Handling Custom Attributes
---------------------------------------------------------------------------------
---------------------------------------------------------------------------------
Finished Handling Custom Attributes : Time (s): cpu = 00:00:14 ; elapsed = 00:00:15 . Memory (MB): peak = 791.891 ; gain = 462.180
---------------------------------------------------------------------------------
---------------------------------------------------------------------------------
Start Renaming Generated Nets
---------------------------------------------------------------------------------
---------------------------------------------------------------------------------
Finished Renaming Generated Nets : Time (s): cpu = 00:00:14 ; elapsed = 00:00:15 . Memory (MB): peak = 791.891 ; gain = 462.180
---------------------------------------------------------------------------------
---------------------------------------------------------------------------------
Start Writing Synthesis Report
---------------------------------------------------------------------------------

Report BlackBoxes: 
+-+--------------+----------+
| |BlackBox name |Instances |
+-+--------------+----------+
+-+--------------+----------+

Report Cell Usage: 
+------+-----+------+
|      |Cell |Count |
+------+-----+------+
|1     |LUT3 |     5|
|2     |LUT5 |     7|
|3     |IBUF |    17|
|4     |OBUF |     9|
+------+-----+------+

Report Instance Areas: 
+------+---------+-------+------+
|      |Instance |Module |Cells |
+------+---------+-------+------+
|1     |top      |       |    38|
+------+---------+-------+------+
---------------------------------------------------------------------------------
Finished Writing Synthesis Report : Time (s): cpu = 00:00:14 ; elapsed = 00:00:15 . Memory (MB): peak = 791.891 ; gain = 462.180
---------------------------------------------------------------------------------
Synthesis finished with 0 errors, 0 critical warnings and 0 warnings.
Synthesis Optimization Runtime : Time (s): cpu = 00:00:14 ; elapsed = 00:00:15 . Memory (MB): peak = 791.891 ; gain = 462.180
Synthesis Optimization Complete : Time (s): cpu = 00:00:14 ; elapsed = 00:00:15 . Memory (MB): peak = 791.891 ; gain = 462.180
INFO: [Project 1-571] Translating synthesized netlist
Netlist sorting complete. Time (s): cpu = 00:00:00 ; elapsed = 00:00:00.001 . Memory (MB): peak = 803.973 ; gain = 0.000
INFO: [Project 1-570] Preparing netlist for logic optimization
INFO: [Opt 31-138] Pushed 0 inverter(s) to 0 load pin(s).
Netlist sorting complete. Time (s): cpu = 00:00:00 ; elapsed = 00:00:00 . Memory (MB): peak = 900.965 ; gain = 0.000
INFO: [Project 1-111] Unisim Transformation Summary:
No Unisim elements were transformed.

INFO: [Common 17-83] Releasing license: Synthesis
19 Infos, 0 Warnings, 0 Critical Warnings and 0 Errors encountered.
synth_design completed successfully
synth_design: Time (s): cpu = 00:00:18 ; elapsed = 00:00:21 . Memory (MB): peak = 900.965 ; gain = 596.117
Netlist sorting complete. Time (s): cpu = 00:00:00 ; elapsed = 00:00:00 . Memory (MB): peak = 900.965 ; gain = 0.000
WARNING: [Constraints 18-5210] No constraints selected for write.
Resolution: This message can indicate that there are no constraints for the design, or it can indicate that the used_in flags are set such that the constraints are ignored. This later case is used when running synth_design to not write synthesis constraints to the resulting checkpoint. Instead, project constraints are read when the synthesized design is opened.
INFO: [Common 17-1381] The checkpoint 'C:/Users/cerva/Escritorio/F.Prog/Arquitectura de PC/AdderNBits/AdderNBits.runs/synth_1/AdderNBits.dcp' has been generated.
INFO: [runtcl-4] Executing : report_utilization -file AdderNBits_utilization_synth.rpt -pb AdderNBits_utilization_synth.pb
INFO: [Common 17-206] Exiting Vivado at Thu Mar  2 19:49:05 2023...
